# JRE version: Java(TM) SE Runtime Environment (8.0_92-b14) (build 1.8.0_92-b14)
# Java VM: Java HotSpot(TM) Client VM (25.92-b14 mixed mode windows-x86 )
Heap:
 def new generation   total 39424K, used 9002K [0x05000000, 0x07ac0000, 0x0faa0000)
  eden space 35072K,  17% used [0x05000000, 0x055f0ae0, 0x07240000)
  from space 4352K,  67% used [0x07680000, 0x07959e88, 0x07ac0000)
  to   space 4352K,   0% used [0x07240000, 0x07240000, 0x07680000)
 tenured generation   total 87424K, used 30842K [0x0faa0000, 0x15000000, 0x25000000)
   the space 87424K,  35% used [0x0faa0000, 0x118be810, 0x118bea00, 0x15000000)
 Metaspace       used 19836K, capacity 20355K, committed 20480K, reserved 20864K
GC Heap History (10 events):
Event: 3.209 GC heap before
{Heap before GC invocations=3 (full 1):
 def new generation   total 39424K, used 35072K [0x05000000, 0x07ac0000, 0x0faa0000)
  eden space 35072K, 100% used [0x05000000, 0x07240000, 0x07240000)
  from space 4352K,   0% used [0x07240000, 0x07240000, 0x07680000)
  to   space 4352K,   0% used [0x07680000, 0x07680000, 0x07ac0000)
 tenured generation   total 87424K, used 13275K [0x0faa0000, 0x15000000, 0x25000000)
   the space 87424K,  15% used [0x0faa0000, 0x10796ef8, 0x10797000, 0x15000000)
 Metaspace       used 15893K, capacity 16315K, committed 16384K, reserved 16768K
Event: 3.217 GC heap after
Heap after GC invocations=4 (full 1):
 def new generation   total 39424K, used 4352K [0x05000000, 0x07ac0000, 0x0faa0000)
  eden space 35072K,   0% used [0x05000000, 0x05000000, 0x07240000)
  from space 4352K, 100% used [0x07680000, 0x07ac0000, 0x07ac0000)
  to   space 4352K,   0% used [0x07240000, 0x07240000, 0x07680000)
 tenured generation   total 87424K, used 14550K [0x0faa0000, 0x15000000, 0x25000000)
   the space 87424K,  16% used [0x0faa0000, 0x108d5840, 0x108d5a00, 0x15000000)
 Metaspace       used 15893K, capacity 16315K, committed 16384K, reserved 16768K
}
Event: 67.440 GC heap before
{Heap before GC invocations=4 (full 1):
 def new generation   total 39424K, used 39418K [0x05000000, 0x07ac0000, 0x0faa0000)
  eden space 35072K,  99% used [0x05000000, 0x0723ebf8, 0x07240000)
  from space 4352K, 100% used [0x07680000, 0x07ac0000, 0x07ac0000)
  to   space 4352K,   0% used [0x07240000, 0x07240000, 0x07680000)
 tenured generation   total 87424K, used 14550K [0x0faa0000, 0x15000000, 0x25000000)
   the space 87424K,  16% used [0x0faa0000, 0x108d5840, 0x108d5a00, 0x15000000)
 Metaspace       used 18347K, capacity 18816K, committed 18816K, reserved 18816K
Event: 67.480 GC heap after
Heap after GC invocations=5 (full 1):
 def new generation   total 39424K, used 4352K [0x05000000, 0x07ac0000, 0x0faa0000)
  eden space 35072K,   0% used [0x05000000, 0x05000000, 0x07240000)
  from space 4352K, 100% used [0x07240000, 0x07680000, 0x07680000)
  to   space 4352K,   0% used [0x07680000, 0x07680000, 0x07ac0000)
 tenured generation   total 87424K, used 25453K [0x0faa0000, 0x15000000, 0x25000000)
   the space 87424K,  29% used [0x0faa0000, 0x1137b408, 0x1137b600, 0x15000000)
 Metaspace       used 18347K, capacity 18816K, committed 18816K, reserved 18816K
}
Event: 425.150 GC heap before
{Heap before GC invocations=5 (full 1):
 def new generation   total 39424K, used 39424K [0x05000000, 0x07ac0000, 0x0faa0000)
  eden space 35072K, 100% used [0x05000000, 0x07240000, 0x07240000)
  from space 4352K, 100% used [0x07240000, 0x07680000, 0x07680000)
  to   space 4352K,   0% used [0x07680000, 0x07680000, 0x07ac0000)
 tenured generation   total 87424K, used 25453K [0x0faa0000, 0x15000000, 0x25000000)
   the space 87424K,  29% used [0x0faa0000, 0x1137b408, 0x1137b600, 0x15000000)
 Metaspace       used 19578K, capacity 20057K, committed 20096K, reserved 20864K
Event: 425.160 GC heap after
Heap after GC invocations=6 (full 1):
 def new generation   total 39424K, used 2481K [0x05000000, 0x07ac0000, 0x0faa0000)
  eden space 35072K,   0% used [0x05000000, 0x05000000, 0x07240000)
  from space 4352K,  57% used [0x07680000, 0x078ec7e8, 0x07ac0000)
  to   space 4352K,   0% used [0x07240000, 0x07240000, 0x07680000)
 tenured generation   total 87424K, used 28901K [0x0faa0000, 0x15000000, 0x25000000)
   the space 87424K,  33% used [0x0faa0000, 0x116d9618, 0x116d9800, 0x15000000)
 Metaspace       used 19578K, capacity 20057K, committed 20096K, reserved 20864K
}
Event: 1058.533 GC heap before
{Heap before GC invocations=6 (full 1):
 def new generation   total 39424K, used 37558K [0x05000000, 0x07ac0000, 0x0faa0000)
  eden space 35072K,  99% used [0x05000000, 0x0723ec88, 0x07240000)
  from space 4352K,  57% used [0x07680000, 0x078eeeb8, 0x07ac0000)
  to   space 4352K,   0% used [0x07240000, 0x07240000, 0x07680000)
 tenured generation   total 87424K, used 28901K [0x0faa0000, 0x15000000, 0x25000000)
   the space 87424K,  33% used [0x0faa0000, 0x116d9618, 0x116d9800, 0x15000000)
 Metaspace       used 19645K, capacity 20162K, committed 20224K, reserved 20864K
Event: 1058.556 GC heap after
Heap after GC invocations=7 (full 1):
 def new generation   total 39424K, used 1890K [0x05000000, 0x07ac0000, 0x0faa0000)
  eden space 35072K,   0% used [0x05000000, 0x05000000, 0x07240000)
  from space 4352K,  43% used [0x07240000, 0x074188e0, 0x07680000)
  to   space 4352K,   0% used [0x07680000, 0x07680000, 0x07ac0000)
 tenured generation   total 87424K, used 30842K [0x0faa0000, 0x15000000, 0x25000000)
   the space 87424K,  35% used [0x0faa0000, 0x118be810, 0x118bea00, 0x15000000)
 Metaspace       used 19645K, capacity 20162K, committed 20224K, reserved 20864K
}
Event: 1461.194 GC heap before
{Heap before GC invocations=7 (full 1):
 def new generation   total 39424K, used 36962K [0x05000000, 0x07ac0000, 0x0faa0000)
  eden space 35072K, 100% used [0x05000000, 0x07240000, 0x07240000)
  from space 4352K,  43% used [0x07240000, 0x074188e0, 0x07680000)
  to   space 4352K,   0% used [0x07680000, 0x07680000, 0x07ac0000)
 tenured generation   total 87424K, used 30842K [0x0faa0000, 0x15000000, 0x25000000)
   the space 87424K,  35% used [0x0faa0000, 0x118be810, 0x118bea00, 0x15000000)
 Metaspace       used 19836K, capacity 20355K, committed 20480K, reserved 20864K
Event: 1461.199 GC heap after
Heap after GC invocations=8 (full 1):
 def new generation   total 39424K, used 2919K [0x05000000, 0x07ac0000, 0x0faa0000)
  eden space 35072K,   0% used [0x05000000, 0x05000000, 0x07240000)
  from space 4352K,  67% used [0x07680000, 0x07959e88, 0x07ac0000)
  to   space 4352K,   0% used [0x07240000, 0x07240000, 0x07680000)
 tenured generation   total 87424K, used 30842K [0x0faa0000, 0x15000000, 0x25000000)
   the space 87424K,  35% used [0x0faa0000, 0x118be810, 0x118bea00, 0x15000000)
 Metaspace       used 19836K, capacity 20355K, committed 20480K, reserved 20864K
}

